2025-07-15 13:49:48,545 - INFO - Ingesting begin_inventory.csv in db
2025-07-15 13:49:51,701 - INFO - Ingesting end_inventory.csv in db
2025-07-15 13:49:59,233 - INFO - Ingesting purchases.csv in db
2025-07-15 13:50:44,753 - INFO - Ingesting purchase_prices.csv in db
2025-07-15 13:51:08,767 - INFO - Ingesting sales.csv in db
2025-07-15 21:48:30,737 - INFO - Ingesting begin_inventory.csv in db
2025-07-15 21:48:33,919 - INFO - Ingesting end_inventory.csv in db
2025-07-15 21:48:42,256 - INFO - Ingesting purchases.csv in db
2025-07-15 21:49:27,668 - INFO - Ingesting purchase_prices.csv in db
2025-07-15 21:49:53,482 - INFO - Ingesting sales.csv in db
2025-07-15 22:17:26,977 - INFO - Ingesting begin_inventory.csv in db
2025-07-15 22:17:29,332 - INFO - Ingesting end_inventory.csv in db
2025-07-15 22:17:37,268 - INFO - Ingesting purchases.csv in db
2025-07-15 22:18:28,716 - INFO - Ingesting purchase_prices.csv in db
2025-07-15 22:18:28,905 - INFO - Ingesting vendor_invoice.csv in db
2025-07-15 22:18:28,972 - INFO - ---------Ingestion Complete---------
2025-07-15 22:18:28,972 - INFO - 
Total Time Taken: 1.0387268622716268 minutes
2025-07-15 22:18:29,370 - INFO - Ingesting begin_inventory.csv in db
2025-07-15 22:18:31,872 - INFO - Ingesting end_inventory.csv in db
2025-07-15 22:18:39,924 - INFO - Ingesting purchases.csv in db
